# JRE version: OpenJDK Runtime Environment (8.0_202-b03) (build 1.8.0_202-release-1483-b03)
# Java VM: OpenJDK 64-Bit Server VM (25.202-b03 mixed mode windows-amd64 compressed oops)
Heap:
 PSYoungGen      total 193536K, used 125806K [0x00000000e0000000, 0x00000000ef000000, 0x0000000100000000)
  eden space 180736K, 62% used [0x00000000e0000000,0x00000000e6e5f5f0,0x00000000eb080000)
  from space 12800K, 99% used [0x00000000ee380000,0x00000000eeffc510,0x00000000ef000000)
  to   space 21504K, 0% used [0x00000000ec600000,0x00000000ec600000,0x00000000edb00000)
 ParOldGen       total 121344K, used 52158K [0x00000000a0000000, 0x00000000a7680000, 0x00000000e0000000)
  object space 121344K, 42% used [0x00000000a0000000,0x00000000a32ef840,0x00000000a7680000)
 Metaspace       used 84872K, capacity 89724K, committed 89816K, reserved 1128448K
  class space    used 10830K, capacity 11730K, committed 11776K, reserved 1048576K
GC Heap History (10 events):
Event: 2920.360 GC heap before
{Heap before GC invocations=15 (full 3):
 PSYoungGen      total 186368K, used 172032K [0x00000000e0000000, 0x00000000eeb00000, 0x0000000100000000)
  eden space 172032K, 100% used [0x00000000e0000000,0x00000000ea800000,0x00000000ea800000)
  from space 14336K, 0% used [0x00000000ea800000,0x00000000ea800000,0x00000000eb600000)
  to   space 19456K, 0% used [0x00000000ed800000,0x00000000ed800000,0x00000000eeb00000)
 ParOldGen       total 121344K, used 36963K [0x00000000a0000000, 0x00000000a7680000, 0x00000000e0000000)
  object space 121344K, 30% used [0x00000000a0000000,0x00000000a2418d28,0x00000000a7680000)
 Metaspace       used 66287K, capacity 68752K, committed 68952K, reserved 1110016K
  class space    used 8715K, capacity 9235K, committed 9344K, reserved 1048576K
Event: 2920.408 GC heap after
Heap after GC invocations=15 (full 3):
 PSYoungGen      total 220160K, used 15201K [0x00000000e0000000, 0x00000000eed00000, 0x0000000100000000)
  eden space 200704K, 0% used [0x00000000e0000000,0x00000000e0000000,0x00000000ec400000)
  from space 19456K, 78% used [0x00000000ed800000,0x00000000ee6d8558,0x00000000eeb00000)
  to   space 20480K, 0% used [0x00000000ec400000,0x00000000ec400000,0x00000000ed800000)
 ParOldGen       total 121344K, used 36971K [0x00000000a0000000, 0x00000000a7680000, 0x00000000e0000000)
  object space 121344K, 30% used [0x00000000a0000000,0x00000000a241ad28,0x00000000a7680000)
 Metaspace       used 66287K, capacity 68752K, committed 68952K, reserved 1110016K
  class space    used 8715K, capacity 9235K, committed 9344K, reserved 1048576K
}
Event: 2927.803 GC heap before
{Heap before GC invocations=16 (full 3):
 PSYoungGen      total 220160K, used 215905K [0x00000000e0000000, 0x00000000eed00000, 0x0000000100000000)
  eden space 200704K, 100% used [0x00000000e0000000,0x00000000ec400000,0x00000000ec400000)
  from space 19456K, 78% used [0x00000000ed800000,0x00000000ee6d8558,0x00000000eeb00000)
  to   space 20480K, 0% used [0x00000000ec400000,0x00000000ec400000,0x00000000ed800000)
 ParOldGen       total 121344K, used 36971K [0x00000000a0000000, 0x00000000a7680000, 0x00000000e0000000)
  object space 121344K, 30% used [0x00000000a0000000,0x00000000a241ad28,0x00000000a7680000)
 Metaspace       used 72711K, capacity 75588K, committed 75736K, reserved 1114112K
  class space    used 9515K, capacity 10113K, committed 10240K, reserved 1048576K
Event: 2927.834 GC heap after
Heap after GC invocations=16 (full 3):
 PSYoungGen      total 221184K, used 20453K [0x00000000e0000000, 0x00000000f0f80000, 0x0000000100000000)
  eden space 200704K, 0% used [0x00000000e0000000,0x00000000e0000000,0x00000000ec400000)
  from space 20480K, 99% used [0x00000000ec400000,0x00000000ed7f9428,0x00000000ed800000)
  to   space 23552K, 0% used [0x00000000ef880000,0x00000000ef880000,0x00000000f0f80000)
 ParOldGen       total 121344K, used 38629K [0x00000000a0000000, 0x00000000a7680000, 0x00000000e0000000)
  object space 121344K, 31% used [0x00000000a0000000,0x00000000a25b9500,0x00000000a7680000)
 Metaspace       used 72711K, capacity 75588K, committed 75736K, reserved 1114112K
  class space    used 9515K, capacity 10113K, committed 10240K, reserved 1048576K
}
Event: 3862.828 GC heap before
{Heap before GC invocations=17 (full 3):
 PSYoungGen      total 221184K, used 221157K [0x00000000e0000000, 0x00000000f0f80000, 0x0000000100000000)
  eden space 200704K, 100% used [0x00000000e0000000,0x00000000ec400000,0x00000000ec400000)
  from space 20480K, 99% used [0x00000000ec400000,0x00000000ed7f9428,0x00000000ed800000)
  to   space 23552K, 0% used [0x00000000ef880000,0x00000000ef880000,0x00000000f0f80000)
 ParOldGen       total 121344K, used 38629K [0x00000000a0000000, 0x00000000a7680000, 0x00000000e0000000)
  object space 121344K, 31% used [0x00000000a0000000,0x00000000a25b9500,0x00000000a7680000)
 Metaspace       used 78437K, capacity 82058K, committed 82264K, reserved 1120256K
  class space    used 10173K, capacity 10840K, committed 10880K, reserved 1048576K
Event: 3862.876 GC heap after
Heap after GC invocations=17 (full 3):
 PSYoungGen      total 203776K, used 10075K [0x00000000e0000000, 0x00000000f0280000, 0x0000000100000000)
  eden space 193536K, 0% used [0x00000000e0000000,0x00000000e0000000,0x00000000ebd00000)
  from space 10240K, 98% used [0x00000000ef880000,0x00000000f0256c80,0x00000000f0280000)
  to   space 22528K, 0% used [0x00000000ed680000,0x00000000ed680000,0x00000000eec80000)
 ParOldGen       total 121344K, used 52142K [0x00000000a0000000, 0x00000000a7680000, 0x00000000e0000000)
  object space 121344K, 42% used [0x00000000a0000000,0x00000000a32eb840,0x00000000a7680000)
 Metaspace       used 78437K, capacity 82058K, committed 82264K, reserved 1120256K
  class space    used 10173K, capacity 10840K, committed 10880K, reserved 1048576K
}
Event: 4467.478 GC heap before
{Heap before GC invocations=18 (full 3):
 PSYoungGen      total 203776K, used 203611K [0x00000000e0000000, 0x00000000f0280000, 0x0000000100000000)
  eden space 193536K, 100% used [0x00000000e0000000,0x00000000ebd00000,0x00000000ebd00000)
  from space 10240K, 98% used [0x00000000ef880000,0x00000000f0256c80,0x00000000f0280000)
  to   space 22528K, 0% used [0x00000000ed680000,0x00000000ed680000,0x00000000eec80000)
 ParOldGen       total 121344K, used 52142K [0x00000000a0000000, 0x00000000a7680000, 0x00000000e0000000)
  object space 121344K, 42% used [0x00000000a0000000,0x00000000a32eb840,0x00000000a7680000)
 Metaspace       used 80225K, capacity 84514K, committed 84568K, reserved 1122304K
  class space    used 10345K, capacity 11105K, committed 11136K, reserved 1048576K
Event: 4467.492 GC heap after
Heap after GC invocations=18 (full 3):
 PSYoungGen      total 196608K, used 9676K [0x00000000e0000000, 0x00000000ef900000, 0x0000000100000000)
  eden space 186880K, 0% used [0x00000000e0000000,0x00000000e0000000,0x00000000eb680000)
  from space 9728K, 99% used [0x00000000ed680000,0x00000000edff3030,0x00000000ee000000)
  to   space 22016K, 0% used [0x00000000ee380000,0x00000000ee380000,0x00000000ef900000)
 ParOldGen       total 121344K, used 52150K [0x00000000a0000000, 0x00000000a7680000, 0x00000000e0000000)
  object space 121344K, 42% used [0x00000000a0000000,0x00000000a32ed840,0x00000000a7680000)
 Metaspace       used 80225K, capacity 84514K, committed 84568K, reserved 1122304K
  class space    used 10345K, capacity 11105K, committed 11136K, reserved 1048576K
}
Event: 4836.814 GC heap before
{Heap before GC invocations=19 (full 3):
 PSYoungGen      total 196608K, used 196556K [0x00000000e0000000, 0x00000000ef900000, 0x0000000100000000)
  eden space 186880K, 100% used [0x00000000e0000000,0x00000000eb680000,0x00000000eb680000)
  from space 9728K, 99% used [0x00000000ed680000,0x00000000edff3030,0x00000000ee000000)
  to   space 22016K, 0% used [0x00000000ee380000,0x00000000ee380000,0x00000000ef900000)
 ParOldGen       total 121344K, used 52150K [0x00000000a0000000, 0x00000000a7680000, 0x00000000e0000000)
  object space 121344K, 42% used [0x00000000a0000000,0x00000000a32ed840,0x00000000a7680000)
 Metaspace       used 81976K, capacity 86656K, committed 86744K, reserved 1124352K
  class space    used 10553K, capacity 11442K, committed 11520K, reserved 1048576K
Event: 4836.835 GC heap after
Heap after GC invocations=19 (full 3):
 PSYoungGen      total 193536K, used 12785K [0x00000000e0000000, 0x00000000ef000000, 0x0000000100000000)
  eden space 180736K, 0% used [0x00000000e0000000,0x00000000e0000000,0x00000000eb080000)
  from space 12800K, 99% used [0x00000000ee380000,0x00000000eeffc510,0x00000000ef000000)
  to   space 21504K, 0% used [0x00000000ec600000,0x00000000ec600000,0x00000000edb00000)
 ParOldGen       total 121344K, used 52158K [0x00000000a0000000, 0x00000000a7680000, 0x00000000e0000000)
  object space 121344K, 42% used [0x00000000a0000000,0x00000000a32ef840,0x00000000a7680000)
 Metaspace       used 81976K, capacity 86656K, committed 86744K, reserved 1124352K
  class space    used 10553K, capacity 11442K, committed 11520K, reserved 1048576K
}

